(0000) 3000  0011000000000000 (  12)                 .ORIG x3000
(3000) E029  1110000000101001 (  14)                 LEA   R0 MSG
(3001) F022  1111000000100010 (  15)                 TRAP  x22
(3002) E283  1110001010000011 (  17)                 LEA   R1 NEG65
(3003) 6240  0110001001000000 (  18)                 LDR   R1 R1 #0
(3004) F023  1111000000100011 (  21) INPUT           TRAP  x23
(3005) 1836  0001100000110110 (  22)                 ADD   R4 R0 #-10
(3006) 040A  0000010000001010 (  23)                 BRZ   OUTPUT
(3007) E664  1110011001100100 (  26)                 LEA   R3 ARRAY
(3008) 1001  0001000000000001 (  27)                 ADD   R0 R0 R1
(3009) 0403  0000010000000011 (  28)                 BRZ   CHARACTERCOUNTER
(300A) 16E1  0001011011100001 (  31) INPUTLOOP       ADD   R3 R3 #1
(300B) 103F  0001000000111111 (  32)                 ADD   R0 R0 #-1
(300C) 03FD  0000001111111101 (  33)                 BRP   INPUTLOOP
(300D) 60C0  0110000011000000 (  37) CHARACTERCOUNTER LDR   R0 R3 #0
(300E) 1021  0001000000100001 (  38)                 ADD   R0 R0 #1
(300F) 70C0  0111000011000000 (  39)                 STR   R0 R3 #0
(3010) 0FF3  0000111111110011 (  40)                 BRNZP INPUT
(3011) E475  1110010001110101 (  44) OUTPUT          LEA   R2 POS58
(3012) 6480  0110010010000000 (  45)                 LDR   R2 R2 #0
(3013) 5020  0101000000100000 (  46)                 AND   R0 R0 #0
(3014) EA75  1110101001110101 (  49)                 LEA   R5 POS65
(3015) 6B40  0110101101000000 (  50)                 LDR   R5 R5 #0
(3016) 1160  0001000101100000 (  51)                 ADD   R0 R5 #0
(3017) E654  1110011001010100 (  54)                 LEA   R3 ARRAY
(3018) E272  1110001001110010 (  55)                 LEA   R1 POS48
(3019) 6240  0110001001000000 (  56)                 LDR   R1 R1 #0
(301A) F021  1111000000100001 (  60) OUTPUTLOOP      TRAP  x21
(301B) E06C  1110000001101100 (  62)                 LEA   R0 DASH
(301C) 6000  0110000000000000 (  63)                 LDR   R0 R0 #0
(301D) F021  1111000000100001 (  64)                 TRAP  x21
(301E) 60C0  0110000011000000 (  66)                 LDR   R0 R3 #0
(301F) 16E1  0001011011100001 (  67)                 ADD   R3 R3 #1
(3020) 1001  0001000000000001 (  68)                 ADD   R0 R0 R1
(3021) F021  1111000000100001 (  69)                 TRAP  x21
(3022) E066  1110000001100110 (  71)                 LEA   R0 SPACE
(3023) 6000  0110000000000000 (  72)                 LDR   R0 R0 #0
(3024) F021  1111000000100001 (  73)                 TRAP  x21
(3025) 1B61  0001101101100001 (  75)                 ADD   R5 R5 #1
(3026) 1160  0001000101100000 (  76)                 ADD   R0 R5 #0
(3027) 14BF  0001010010111111 (  77)                 ADD   R2 R2 #-1
(3028) 03F1  0000001111110001 (  78)                 BRP   OUTPUTLOOP
(3029) F025  1111000000100101 (  80)                 TRAP  x25
(302A) 0045  0000000001000101 (  82) MSG             .FILL x0045
(302B) 004E  0000000001001110 (  82)                 .FILL x004E
(302C) 0054  0000000001010100 (  82)                 .FILL x0054
(302D) 0045  0000000001000101 (  82)                 .FILL x0045
(302E) 0052  0000000001010010 (  82)                 .FILL x0052
(302F) 0020  0000000000100000 (  82)                 .FILL x0020
(3030) 0059  0000000001011001 (  82)                 .FILL x0059
(3031) 004F  0000000001001111 (  82)                 .FILL x004F
(3032) 0055  0000000001010101 (  82)                 .FILL x0055
(3033) 0052  0000000001010010 (  82)                 .FILL x0052
(3034) 0020  0000000000100000 (  82)                 .FILL x0020
(3035) 0046  0000000001000110 (  82)                 .FILL x0046
(3036) 0055  0000000001010101 (  82)                 .FILL x0055
(3037) 004C  0000000001001100 (  82)                 .FILL x004C
(3038) 004C  0000000001001100 (  82)                 .FILL x004C
(3039) 0020  0000000000100000 (  82)                 .FILL x0020
(303A) 004E  0000000001001110 (  82)                 .FILL x004E
(303B) 0041  0000000001000001 (  82)                 .FILL x0041
(303C) 004D  0000000001001101 (  82)                 .FILL x004D
(303D) 0045  0000000001000101 (  82)                 .FILL x0045
(303E) 0020  0000000000100000 (  82)                 .FILL x0020
(303F) 004F  0000000001001111 (  82)                 .FILL x004F
(3040) 004E  0000000001001110 (  82)                 .FILL x004E
(3041) 0045  0000000001000101 (  82)                 .FILL x0045
(3042) 0020  0000000000100000 (  82)                 .FILL x0020
(3043) 004C  0000000001001100 (  82)                 .FILL x004C
(3044) 0045  0000000001000101 (  82)                 .FILL x0045
(3045) 0054  0000000001010100 (  82)                 .FILL x0054
(3046) 0054  0000000001010100 (  82)                 .FILL x0054
(3047) 0045  0000000001000101 (  82)                 .FILL x0045
(3048) 0052  0000000001010010 (  82)                 .FILL x0052
(3049) 0020  0000000000100000 (  82)                 .FILL x0020
(304A) 0041  0000000001000001 (  82)                 .FILL x0041
(304B) 0054  0000000001010100 (  82)                 .FILL x0054
(304C) 0020  0000000000100000 (  82)                 .FILL x0020
(304D) 0041  0000000001000001 (  82)                 .FILL x0041
(304E) 0020  0000000000100000 (  82)                 .FILL x0020
(304F) 0054  0000000001010100 (  82)                 .FILL x0054
(3050) 0049  0000000001001001 (  82)                 .FILL x0049
(3051) 004D  0000000001001101 (  82)                 .FILL x004D
(3052) 0045  0000000001000101 (  82)                 .FILL x0045
(3053) 002E  0000000000101110 (  82)                 .FILL x002E
(3054) 0020  0000000000100000 (  82)                 .FILL x0020
(3055) 0050  0000000001010000 (  82)                 .FILL x0050
(3056) 0052  0000000001010010 (  82)                 .FILL x0052
(3057) 0045  0000000001000101 (  82)                 .FILL x0045
(3058) 0053  0000000001010011 (  82)                 .FILL x0053
(3059) 0053  0000000001010011 (  82)                 .FILL x0053
(305A) 0020  0000000000100000 (  82)                 .FILL x0020
(305B) 0045  0000000001000101 (  82)                 .FILL x0045
(305C) 004E  0000000001001110 (  82)                 .FILL x004E
(305D) 0054  0000000001010100 (  82)                 .FILL x0054
(305E) 0045  0000000001000101 (  82)                 .FILL x0045
(305F) 0052  0000000001010010 (  82)                 .FILL x0052
(3060) 0020  0000000000100000 (  82)                 .FILL x0020
(3061) 0057  0000000001010111 (  82)                 .FILL x0057
(3062) 0048  0000000001001000 (  82)                 .FILL x0048
(3063) 0045  0000000001000101 (  82)                 .FILL x0045
(3064) 004E  0000000001001110 (  82)                 .FILL x004E
(3065) 0020  0000000000100000 (  82)                 .FILL x0020
(3066) 0044  0000000001000100 (  82)                 .FILL x0044
(3067) 004F  0000000001001111 (  82)                 .FILL x004F
(3068) 004E  0000000001001110 (  82)                 .FILL x004E
(3069) 0045  0000000001000101 (  82)                 .FILL x0045
(306A) 002E  0000000000101110 (  82)                 .FILL x002E
(306B) 0000  0000000000000000 (  82)                 .FILL x0000
(306C) 0000  0000000000000000 (  84) ARRAY           .FILL x0000
(306D) 0000  0000000000000000 (  84)                 .FILL x0000
(306E) 0000  0000000000000000 (  84)                 .FILL x0000
(306F) 0000  0000000000000000 (  84)                 .FILL x0000
(3070) 0000  0000000000000000 (  84)                 .FILL x0000
(3071) 0000  0000000000000000 (  84)                 .FILL x0000
(3072) 0000  0000000000000000 (  84)                 .FILL x0000
(3073) 0000  0000000000000000 (  84)                 .FILL x0000
(3074) 0000  0000000000000000 (  84)                 .FILL x0000
(3075) 0000  0000000000000000 (  84)                 .FILL x0000
(3076) 0000  0000000000000000 (  84)                 .FILL x0000
(3077) 0000  0000000000000000 (  84)                 .FILL x0000
(3078) 0000  0000000000000000 (  84)                 .FILL x0000
(3079) 0000  0000000000000000 (  84)                 .FILL x0000
(307A) 0000  0000000000000000 (  84)                 .FILL x0000
(307B) 0000  0000000000000000 (  84)                 .FILL x0000
(307C) 0000  0000000000000000 (  84)                 .FILL x0000
(307D) 0000  0000000000000000 (  84)                 .FILL x0000
(307E) 0000  0000000000000000 (  84)                 .FILL x0000
(307F) 0000  0000000000000000 (  84)                 .FILL x0000
(3080) 0000  0000000000000000 (  84)                 .FILL x0000
(3081) 0000  0000000000000000 (  84)                 .FILL x0000
(3082) 0000  0000000000000000 (  84)                 .FILL x0000
(3083) 0000  0000000000000000 (  84)                 .FILL x0000
(3084) 0000  0000000000000000 (  84)                 .FILL x0000
(3085) 0000  0000000000000000 (  84)                 .FILL x0000
(3086) FFBF  1111111110111111 (  84) NEG65           .FILL xFFBF
(3087) 003A  0000000000111010 (  85) POS58           .FILL x003A
(3088) 002D  0000000000101101 (  86) DASH            .FILL x002D
(3089) 0020  0000000000100000 (  87) SPACE           .FILL x0020
(308A) 0041  0000000001000001 (  88) POS65           .FILL x0041
(308B) 0030  0000000000110000 (  89) POS48           .FILL x0030
